<?xml version="1.0" encoding="UTF-8"?>
<!-- Generated by org.testng.reporters.JUnitReportReporter -->
<testsuite hostname="Keerthis-MacBook-Pro.local" failures="0" tests="1" name="com.orangehrm.tests.LoginTest" time="14.318" errors="0" timestamp="2024-05-25T02:56:21 IST" skipped="0">
  <testcase classname="com.orangehrm.tests.LoginTest" name="ValidateLogin" time="14.318"/>
  <system-out/>
</testsuite> <!-- com.orangehrm.tests.LoginTest -->
