<?xml version="1.0" encoding="UTF-8"?>
<!-- Generated by org.testng.reporters.JUnitReportReporter -->
<testsuite hostname="Keerthis-MacBook-Pro.local" failures="0" tests="5" name="com.orangehrm.tests.LoginPageTest" time="128.259" errors="0" timestamp="2024-06-02T22:38:29 IST" skipped="4">
  <testcase classname="com.orangehrm.tests.LoginPageTest" name="AddEmployeesDataProvider" time="128.259"/>
  <system-out/>
  <testcase classname="com.orangehrm.tests.LoginPageTest" name="AddEmployeesExcel">
    <skipped/>
  </testcase> <!-- AddEmployeesExcel -->
  <system-out/>
  <testcase classname="com.orangehrm.tests.LoginPageTest" name="AddEmployeesSql">
    <skipped/>
  </testcase> <!-- AddEmployeesSql -->
  <system-out/>
  <testcase classname="com.orangehrm.tests.LoginPageTest" name="AddEmployee">
    <skipped/>
  </testcase> <!-- AddEmployee -->
  <system-out/>
  <testcase classname="com.orangehrm.tests.LoginPageTest" name="ValidateLogin">
    <skipped/>
  </testcase> <!-- ValidateLogin -->
  <system-out/>
</testsuite> <!-- com.orangehrm.tests.LoginPageTest -->
