<?xml version="1.0" encoding="UTF-8"?>
<!-- Generated by org.testng.reporters.JUnitReportReporter -->
<testsuite hostname="Keerthis-MacBook-Pro.local" failures="0" tests="3" name="com.orangehrm.apitests.RestAssuredApiTest" time="2.064" errors="0" timestamp="2024-05-31T05:28:32 IST" skipped="0">
  <testcase classname="com.orangehrm.apitests.RestAssuredApiTest" name="VerifyPutApi" time="0.391"/>
  <system-out/>
  <testcase classname="com.orangehrm.apitests.RestAssuredApiTest" name="VerifyGetApi" time="1.294"/>
  <system-out/>
  <testcase classname="com.orangehrm.apitests.RestAssuredApiTest" name="VerifyPostApi" time="0.379"/>
  <system-out/>
</testsuite> <!-- com.orangehrm.apitests.RestAssuredApiTest -->
