<?xml version="1.0" encoding="UTF-8"?>
<!-- Generated by org.testng.reporters.JUnitReportReporter -->
<testsuite hostname="Keerthis-MacBook-Pro.local" failures="0" tests="1" name="com.orangehrm.tests.LoginPageTest" time="35.557" errors="0" timestamp="2024-05-29T18:26:19 IST" skipped="0">
  <testcase classname="com.orangehrm.tests.LoginPageTest" name="ValidateLogin" time="35.557"/>
  <system-out/>
</testsuite> <!-- com.orangehrm.tests.LoginPageTest -->
